-------------------------------------
Beginning Export of all Source
JVK_jasenrekisteri.accdb
VCS Version 3.4.20
Using Fast Save
9.10.2022 12.48.58
-------------------------------------
-------------------------------------
Exporting project...          
  JVK_jasenrekisteri.accdb
[1]
-------------------------------------
Exporting vb project...       
  Desktop Contacts Modified Template
[1]
-------------------------------------
Exporting vbe references...   
  stdole
[2]
-------------------------------------
No modified vbe forms found in this database.
-------------------------------------
No modified proj properties found in this database.
-------------------------------------
No modified saved specs found in this database.
-------------------------------------
Exporting db properties...    
  Database Properties (DAO)
[53]
-------------------------------------
Exporting shared images...    
  bulldog_pienempi
  JVK_jasenrekisteri_img
  OutlookSearchMagnifyingGlassHS
  punttilogo_pieni_invert
[4]
  Removing orphaned folder: Office Theme
-------------------------------------
Exporting themes...           
  Office Theme
[1]
-------------------------------------
No modified imex specs found in this database.
-------------------------------------
Exporting tables...           
  Hinnasto
  Hinnasto (SQL)
[1]
-------------------------------------
Exporting queries...          
  haeKorttiTyypit
    Sanitized in 0,005 seconds.
  haeKorttiTyypit (SQL)
[1]
-------------------------------------
Exporting forms...            
  PoistaKortinLinkitys
    Sanitized in 0,025 seconds.
  RekisteroiLataus
    Sanitized in 0,027 seconds.
  LatausOhje
    Sanitized in 0,016 seconds.
  KorvaaKortti
    Sanitized in 0,012 seconds.
[4]
-------------------------------------
No modified macros found in this database.
-------------------------------------
No modified reports found in this database.
-------------------------------------
Exporting table data...       
  Hinnasto
    Sanitized in 0,022 seconds.
[1]
-------------------------------------
Exporting modules...          
  Common
[1]
-------------------------------------
No modified table data macros found in this database.
-------------------------------------
No modified relations found in this database.
-------------------------------------
Exporting doc properties...   
  Database Documents
[2]
-------------------------------------
Exporting nav pane groups...  
  Groups
[1]
-------------------------------------
No modified hidden attributes found in this database.
-------------------------------------
Done. (4,71 seconds)

--------------------------------------------------
                PERFORMANCE REPORTS
--------------------------------------------------
Object Type                   Count     Seconds
--------------------------------------------------
Project                       1         0,03
VB Project                    1         0,02
VBE References                2         0,04
DB Properties                 53        0,26
Shared Images                 4         0,09
Themes                        1         1,44
Tables                        1         0,10
Queries                       1         0,10
Forms                         4         1,71
Table Data                    1         0,28
Modules                       1         0,03
Doc Properties                2         0,03
Nav Pane Groups               1         0,03
--------------------------------------------------
TOTALS:                       73        4,16
--------------------------------------------------

--------------------------------------------------
Operations                    Count     Seconds
--------------------------------------------------
Read File                     22        0,16
Parse JSON                    12        0,03
Convert to JSON               676       0,43
Compute SHA256                34        0,00
Console Updates               4         0,12
Compare Dictionary            10        0,00
Get Modified Date             10        0,00
Get File Property Hash        10        0,01
Clear Orphaned                7         0,23
Verify Path                   25        0,01
Write to Disk                 4         0,01
Create Folder                 1         0,00
Export Theme                  1         0,00
Extract Theme                 1         1,40
Save Table SQL                1         0,01
Write File                    13        0,01
App.SaveAsText()              5         0,18
Read File Bytes               9         0,09
Sanitize File                 5         0,08
Save Query SQL                1         0,00
Get VBA Hash                  29        0,02
Read File DevMode             4         0,00
Delete File                   7         0,01
Increment Progress            1         0,09
App.ExportXML()               1         0,23
Sanitize XML                  1         0,00
Format XML                    1         0,02
Export VBE Module             1         0,01
Enc. Windows-1252 as utf-8    1         0,01
--------------------------------------------------
Other Operations                        1,57
--------------------------------------------------


