-------------------------------------
Beginning Export of all Source
JVK_jasenrekisteri_db.accdb
VCS Version 3.4.20
Using Fast Save
4.9.2022 9.23.56
-------------------------------------
-------------------------------------
Exporting project...          
  JVK_jasenrekisteri_db.accdb
[1]
-------------------------------------
Exporting vb project...       
  JVK_jasenrekisteri_db
[1]
-------------------------------------
Exporting vbe references...   
  stdole
[1]
-------------------------------------
No modified vbe forms found in this database.
-------------------------------------
Exporting proj properties...  
  Current Project Properties (Access)
[2]
-------------------------------------
No modified saved specs found in this database.
-------------------------------------
Exporting db properties...    
  Database Properties (DAO)
[22]
-------------------------------------
No modified shared images found in this database.
-------------------------------------
No modified themes found in this database.

-------------------------------------
ERROR: Unhandled error found before `On Error` directive
-------------------------------------
Error 13: Type mismatch Source: Unknown
-------------------------------------
No modified imex specs found in this database.
-------------------------------------
Exporting tables...           
  Kortit
    Sanitized in 0,029 seconds.
  Kortit (SQL)
  Lataukset
    Sanitized in 0,006 seconds.
  Lataukset (SQL)
[2]
-------------------------------------
No modified queries found in this database.
-------------------------------------
No modified forms found in this database.
-------------------------------------
No modified macros found in this database.
-------------------------------------
No modified reports found in this database.
-------------------------------------
Exporting table data...       
  Hinnasto
    Sanitized in 0,004 seconds.
[1]
-------------------------------------
No modified modules found in this database.
-------------------------------------
No modified table data macros found in this database.
-------------------------------------
Exporting relations...        
  KortitLataukset
  KortitMaksut
  YhteystiedotKortit
[3]
-------------------------------------
No modified doc properties found in this database.
-------------------------------------
Exporting nav pane groups...  
  Groups
[1]
-------------------------------------
No modified hidden attributes found in this database.
-------------------------------------
Done. (1,2 seconds)

--------------------------------------------------
                PERFORMANCE REPORTS
--------------------------------------------------
Object Type                   Count     Seconds
--------------------------------------------------
Project                       1         0,05
VB Project                    1         0,04
VBE References                1         0,05
Proj Properties               2         0,04
DB Properties                 22        0,17
Tables                        2         0,13
Table Data                    1         0,14
Relations                     3         0,10
Nav Pane Groups               1         0,13
--------------------------------------------------
TOTALS:                       34        0,83
--------------------------------------------------

--------------------------------------------------
Operations                    Count     Seconds
--------------------------------------------------
Read File                     13        0,16
Parse JSON                    10        0,01
Convert to JSON               310       0,27
Compute SHA256                9         0,00
Console Updates               3         0,13
Compare Dictionary            8         0,00
Get Modified Date             5         0,00
Get File Property Hash        5         0,00
Clear Orphaned                3         0,07
Verify Path                   9         0,00
App.ExportXML()               3         0,15
Sanitize XML                  3         0,01
Format XML                    3         0,03
Write File                    6         0,01
Save Table SQL                2         0,00
Delete File                   1         0,00
Increment Progress            1         0,05
--------------------------------------------------
Other Operations                        0,33
--------------------------------------------------


